<?xml version="1.0" encoding="UTF-8"?>
<testsuite xmlns:xsi="http://www.w3.org/2001/XMLSchema-instance" xsi:noNamespaceSchemaLocation="https://maven.apache.org/surefire/maven-surefire-plugin/xsd/surefire-test-report.xsd" version="3.0.1" name="com.sfwe301.InventoryControlTest" time="0.193" tests="14" errors="0" skipped="0" failures="0">
  <properties>
    <property name="java.specification.version" value="21"/>
    <property name="sun.cpu.isalist" value="amd64"/>
    <property name="sun.jnu.encoding" value="Cp1252"/>
    <property name="java.class.path" value="C:\Users\pauli\OneDrive\Documents\GitHub\UPharmacy301\target\test-classes;C:\Users\pauli\OneDrive\Documents\GitHub\UPharmacy301\target\classes;C:\Users\pauli\.m2\repository\junit\junit\4.12\junit-4.12.jar;C:\Users\pauli\.m2\repository\org\hamcrest\hamcrest-core\1.3\hamcrest-core-1.3.jar;C:\Users\pauli\.m2\repository\com\googlecode\json-simple\json-simple\1.1.1\json-simple-1.1.1.jar;"/>
    <property name="java.vm.vendor" value="Eclipse Adoptium"/>
    <property name="sun.arch.data.model" value="64"/>
    <property name="user.variant" value=""/>
    <property name="java.vendor.url" value="https://adoptium.net/"/>
    <property name="user.timezone" value="America/Phoenix"/>
    <property name="os.name" value="Windows 11"/>
    <property name="java.vm.specification.version" value="21"/>
    <property name="sun.java.launcher" value="SUN_STANDARD"/>
    <property name="user.country" value="US"/>
    <property name="sun.boot.library.path" value="C:\Users\pauli\AppData\Local\Programs\Eclipse Adoptium\jdk-21.0.4.7-hotspot\bin"/>
    <property name="sun.java.command" value="C:\Users\pauli\AppData\Local\Temp\surefire1792286982888154017\surefirebooter-20241204231538817_3.jar C:\Users\pauli\AppData\Local\Temp\surefire1792286982888154017 2024-12-04T23-15-38_653-jvmRun1 surefire-20241204231538817_1tmp surefire_0-20241204231538817_2tmp"/>
    <property name="jdk.debug" value="release"/>
    <property name="surefire.test.class.path" value="C:\Users\pauli\OneDrive\Documents\GitHub\UPharmacy301\target\test-classes;C:\Users\pauli\OneDrive\Documents\GitHub\UPharmacy301\target\classes;C:\Users\pauli\.m2\repository\junit\junit\4.12\junit-4.12.jar;C:\Users\pauli\.m2\repository\org\hamcrest\hamcrest-core\1.3\hamcrest-core-1.3.jar;C:\Users\pauli\.m2\repository\com\googlecode\json-simple\json-simple\1.1.1\json-simple-1.1.1.jar;"/>
    <property name="sun.cpu.endian" value="little"/>
    <property name="user.home" value="C:\Users\pauli"/>
    <property name="user.language" value="en"/>
    <property name="java.specification.vendor" value="Oracle Corporation"/>
    <property name="java.version.date" value="2024-07-16"/>
    <property name="java.home" value="C:\Users\pauli\AppData\Local\Programs\Eclipse Adoptium\jdk-21.0.4.7-hotspot"/>
    <property name="file.separator" value="\"/>
    <property name="basedir" value="C:\Users\pauli\OneDrive\Documents\GitHub\UPharmacy301"/>
    <property name="java.vm.compressedOopsMode" value="Zero based"/>
    <property name="line.separator" value="&#10;"/>
    <property name="java.vm.specification.vendor" value="Oracle Corporation"/>
    <property name="java.specification.name" value="Java Platform API Specification"/>
    <property name="surefire.real.class.path" value="C:\Users\pauli\AppData\Local\Temp\surefire1792286982888154017\surefirebooter-20241204231538817_3.jar"/>
    <property name="user.script" value=""/>
    <property name="sun.management.compiler" value="HotSpot 64-Bit Tiered Compilers"/>
    <property name="java.runtime.version" value="21.0.4+7-LTS"/>
    <property name="user.name" value="pauli"/>
    <property name="stdout.encoding" value="Cp1252"/>
    <property name="path.separator" value=";"/>
    <property name="os.version" value="10.0"/>
    <property name="java.runtime.name" value="OpenJDK Runtime Environment"/>
    <property name="file.encoding" value="UTF-8"/>
    <property name="java.vm.name" value="OpenJDK 64-Bit Server VM"/>
    <property name="java.vendor.version" value="Temurin-21.0.4+7"/>
    <property name="localRepository" value="C:\Users\pauli\.m2\repository"/>
    <property name="java.vendor.url.bug" value="https://github.com/adoptium/adoptium-support/issues"/>
    <property name="java.io.tmpdir" value="C:\Users\pauli\AppData\Local\Temp\"/>
    <property name="java.version" value="21.0.4"/>
    <property name="user.dir" value="C:\Users\pauli\OneDrive\Documents\GitHub\UPharmacy301"/>
    <property name="os.arch" value="amd64"/>
    <property name="java.vm.specification.name" value="Java Virtual Machine Specification"/>
    <property name="sun.os.patch.level" value=""/>
    <property name="native.encoding" value="Cp1252"/>
    <property name="java.library.path" value="C:\Users\pauli\AppData\Local\Programs\Eclipse Adoptium\jdk-21.0.4.7-hotspot\bin;C:\WINDOWS\Sun\Java\bin;C:\WINDOWS\system32;C:\WINDOWS;C:\WINDOWS\system32;C:\WINDOWS;C:\WINDOWS\System32\Wbem;C:\WINDOWS\System32\WindowsPowerShell\v1.0\;C:\WINDOWS\System32\OpenSSH\;C:\Program Files\dotnet\;C:\Program Files\Git\cmd;C:\Program Files\nodejs\;C:\Program Files\Docker\Docker\resources\bin;C:\Program Files\PuTTY\;C:\Program Files\apache-maven-3.9.9\bin;C:\Users\pauli\AppData\Local\particle\bin;C:\Users\pauli\AppData\Local\Programs\Eclipse Adoptium\jdk-21.0.4.7-hotspot\bin;C:\Users\pauli\AppData\Local\Microsoft\WindowsApps;C:\Users\pauli\AppData\Local\Programs\Microsoft VS Code\bin;C:\Users\pauli\AppData\Roaming\npm;."/>
    <property name="java.vm.info" value="mixed mode, sharing"/>
    <property name="stderr.encoding" value="Cp1252"/>
    <property name="java.vendor" value="Eclipse Adoptium"/>
    <property name="java.vm.version" value="21.0.4+7-LTS"/>
    <property name="sun.io.unicode.encoding" value="UnicodeLittle"/>
    <property name="java.class.version" value="65.0"/>
  </properties>
  <testcase name="prescriptionNotPickedUp" classname="com.sfwe301.InventoryControlTest" time="0.042">
    <system-out><![CDATA[Prescription with ID 23 was not picked up within 7 days, returning item inventory.
Prescription with ID 23 was not picked up within 7 days, returning item inventory.
]]></system-out>
  </testcase>
  <testcase name="reachLowThreshold" classname="com.sfwe301.InventoryControlTest" time="0.002">
    <system-out><![CDATA[Inventory for Tylonol is low. Please place an order.
Quantity left: 4
]]></system-out>
  </testcase>
  <testcase name="fillPrescription" classname="com.sfwe301.InventoryControlTest" time="0.003"/>
  <testcase name="restockInventoryItem" classname="com.sfwe301.InventoryControlTest" time="0.006"/>
  <testcase name="duplicateItems" classname="com.sfwe301.InventoryControlTest" time="0.004">
    <system-out><![CDATA[Inventory item already exists in inventory.
]]></system-out>
  </testcase>
  <testcase name="logDisposalNotes" classname="com.sfwe301.InventoryControlTest" time="0.001"/>
  <testcase name="logEmergencyMedicationNotes" classname="com.sfwe301.InventoryControlTest" time="0.004"/>
  <testcase name="inventorySecurity" classname="com.sfwe301.InventoryControlTest" time="0.007">
    <system-out><![CDATA[User is not allowed to alter inventory
]]></system-out>
  </testcase>
  <testcase name="createInventory" classname="com.sfwe301.InventoryControlTest" time="0.001"/>
  <testcase name="reachOutOfStock" classname="com.sfwe301.InventoryControlTest" time="0.006">
    <system-out><![CDATA[Out of stock for Treda. Please place an order.
]]></system-out>
  </testcase>
  <testcase name="logSupplierInfo" classname="com.sfwe301.InventoryControlTest" time="0.001"/>
  <testcase name="fillExpPrescription" classname="com.sfwe301.InventoryControlTest" time="0.004">
    <system-out><![CDATA[Prescription Medication has expired, item cannot be sold.
]]></system-out>
  </testcase>
  <testcase name="insertInventoryItems" classname="com.sfwe301.InventoryControlTest" time="0.002"/>
  <testcase name="subtractInventory" classname="com.sfwe301.InventoryControlTest" time="0.007"/>
</testsuite>